<?xml version="1.0" encoding="UTF-8"?>
<testng-results skipped="0" failed="0" total="1" passed="1">
  <reporter-output>
  </reporter-output>
  <suite name="Surefire suite" duration-ms="20" started-at="2020-03-22T20:44:09Z" finished-at="2020-03-22T20:44:09Z">
    <groups>
    </groups>
    <test name="Surefire test" duration-ms="20" started-at="2020-03-22T20:44:09Z" finished-at="2020-03-22T20:44:09Z">
      <class name="Pet.BDDSmokeTests.AppTest">
        <test-method status="PASS" signature="testApp()[pri:0, instance:testApp(Pet.BDDSmokeTests.AppTest)]" name="testApp" duration-ms="2" started-at="2020-03-23T01:44:09Z" finished-at="2020-03-23T01:44:09Z">
          <reporter-output>
          </reporter-output>
        </test-method> <!-- testApp -->
      </class> <!-- Pet.BDDSmokeTests.AppTest -->
    </test> <!-- Surefire test -->
  </suite> <!-- Surefire suite -->
</testng-results>
