<?xml version="1.0" encoding="UTF-8"?>
<testng-results skipped="0" failed="0" total="2" passed="2">
  <reporter-output>
  </reporter-output>
  <suite name="Surefire suite" duration-ms="17121" started-at="2020-03-22T20:43:52Z" finished-at="2020-03-22T20:44:09Z">
    <groups>
      <group name="cucumber">
        <method signature="AbstractTestNGCucumberTests.runScenario(io.cucumber.testng.PickleWrapper, io.cucumber.testng.FeatureWrapper)[pri:0, instance:CucumberTests@7fcbe147]" name="runScenario" class="io.cucumber.testng.AbstractTestNGCucumberTests"/>
      </group> <!-- cucumber -->
    </groups>
    <test name="Surefire test" duration-ms="17121" started-at="2020-03-22T20:43:52Z" finished-at="2020-03-22T20:44:09Z">
      <class name="CucumberTests">
        <test-method status="PASS" signature="setUpClass()[pri:0, instance:CucumberTests@7fcbe147]" name="setUpClass" is-config="true" duration-ms="240" started-at="2020-03-23T01:43:52Z" finished-at="2020-03-23T01:43:52Z">
          <reporter-output>
          </reporter-output>
        </test-method> <!-- setUpClass -->
        <test-method status="PASS" signature="runScenario(io.cucumber.testng.PickleWrapper, io.cucumber.testng.FeatureWrapper)[pri:0, instance:CucumberTests@7fcbe147]" name="runScenario" duration-ms="8268" started-at="2020-03-23T01:43:52Z" description="Runs Cucumber Scenarios" data-provider="scenarios" finished-at="2020-03-23T01:44:01Z">
          <params>
            <param index="0">
              <value>
                <![CDATA["User is able to add pets to the system"]]>
              </value>
            </param>
            <param index="1">
              <value>
                <![CDATA["Pet Tests"]]>
              </value>
            </param>
          </params>
          <reporter-output>
          </reporter-output>
        </test-method> <!-- runScenario -->
        <test-method status="PASS" signature="runScenario(io.cucumber.testng.PickleWrapper, io.cucumber.testng.FeatureWrapper)[pri:0, instance:CucumberTests@7fcbe147]" name="runScenario" duration-ms="7903" started-at="2020-03-23T01:44:01Z" description="Runs Cucumber Scenarios" data-provider="scenarios" finished-at="2020-03-23T01:44:09Z">
          <params>
            <param index="0">
              <value>
                <![CDATA["User is able to delete pet"]]>
              </value>
            </param>
            <param index="1">
              <value>
                <![CDATA["Pet Tests"]]>
              </value>
            </param>
          </params>
          <reporter-output>
          </reporter-output>
        </test-method> <!-- runScenario -->
        <test-method status="PASS" signature="tearDownClass()[pri:0, instance:CucumberTests@7fcbe147]" name="tearDownClass" is-config="true" duration-ms="4" started-at="2020-03-23T01:44:09Z" finished-at="2020-03-23T01:44:09Z">
          <reporter-output>
          </reporter-output>
        </test-method> <!-- tearDownClass -->
      </class> <!-- CucumberTests -->
    </test> <!-- Surefire test -->
  </suite> <!-- Surefire suite -->
</testng-results>
